 $REFDET     
  4
 1 35
        1   -0.976295
      107    0.071022
      143   -0.063615
      179   -0.063615
      717   -0.059261
      393   -0.059261
        5    0.045553
       51    0.033265
       76   -0.033265
      389   -0.032726
      704   -0.032726
      738   -0.032726
      353    0.032726
      227   -0.032555
      218    0.032555
      183   -0.030805
      158   -0.030805
      192   -0.030805
      147    0.030805
      215   -0.028824
      705   -0.028593
      390    0.028593
        8   -0.027795
       17    0.027795
      368    0.026528
      742    0.026528
      211    0.025469
      773   -0.025319
      424    0.025319
      159   -0.023941
      184    0.023941
      753   -0.021800
      357   -0.021800
      789   -0.021319
      429   -0.021319
 2 28
        2    0.952574
      106   -0.158731
      156    0.082956
      181   -0.082956
      702    0.081383
      387   -0.081383
      212    0.075523
      720    0.061607
      396    0.061607
      110   -0.054946
      751    0.049666
      391   -0.049666
      366   -0.049666
      706   -0.049666
       38   -0.030376
       74   -0.030376
      161    0.028320
      150   -0.028320
      195    0.028320
      186    0.028320
      371   -0.026275
      745   -0.026275
      756    0.025639
      360    0.025639
      230    0.021897
      221   -0.021897
      162    0.021803
      187   -0.021803
 3 35
       36   -0.936657
       71    0.162008
       16    0.115434
      142    0.114100
       73   -0.105231
       39   -0.105231
       52   -0.089530
      249   -0.072158
      108   -0.054409
      463   -0.051926
      123   -0.049724
      112    0.049724
       88   -0.043124
      460    0.039250
       77    0.035494
      288    0.032134
      876   -0.028894
      491    0.028894
      494    0.028245
      808   -0.027950
      459   -0.027950
      281   -0.027553
       40   -0.026856
      297   -0.026570
      285   -0.025156
      254    0.024958
      859   -0.024793
      262   -0.024729
      253   -0.024729
      499   -0.024665
      456    0.024582
      823   -0.021863
      843   -0.021000
       44    0.020830
       89   -0.020830
 4 35
       71    0.936657
       36    0.162008
        6    0.115434
      177   -0.114100
       74   -0.105231
       38    0.105231
       78   -0.089530
      248   -0.072158
      109    0.054409
      822   -0.051926
      122    0.049724
      113    0.049724
       42   -0.043124
      810   -0.039250
       53    0.035494
      332    0.032134
      526    0.028894
      841    0.028894
      878    0.028245
      809   -0.027950
      458    0.027950
      316    0.027553
       75    0.026856
      323   -0.026570
      320    0.025156
      264   -0.024958
      534    0.024793
      263   -0.024729
      252    0.024729
      894    0.024665
      806   -0.024582
      462   -0.021863
      529   -0.021000
       54    0.020830
       79    0.020830
 1  1 1.00000000E+00 0.00000000E+00 0.00000000E+00 0.00000000E+00
 2  1 0.00000000E+00 1.00000000E+00 0.00000000E+00 0.00000000E+00
 3  1 0.00000000E+00 0.00000000E+00 1.00000000E+00 0.00000000E+00
 4  1 0.00000000E+00 0.00000000E+00 0.00000000E+00 1.00000000E+00
 $END 
