 $REFDET     
  4
 1 35
        1    0.976295
      107   -0.071022
      143    0.063615
      179    0.063615
      717    0.059261
      393    0.059261
        5   -0.045553
       51   -0.033265
       76    0.033265
      389    0.032726
      704    0.032726
      738    0.032726
      353   -0.032726
      227    0.032555
      218   -0.032555
      183    0.030805
      158    0.030805
      192    0.030805
      147   -0.030805
      215    0.028824
      705    0.028593
      390   -0.028593
       17   -0.027795
        8    0.027795
      368   -0.026528
      742   -0.026528
      211   -0.025469
      773    0.025319
      424   -0.025319
      159    0.023941
      184   -0.023941
      753    0.021800
      357    0.021800
      789    0.021319
      429    0.021319
 2 28
        2    0.952574
      106   -0.158731
      156    0.082956
      181   -0.082956
      702    0.081383
      387   -0.081383
      212    0.075523
      720    0.061607
      396    0.061607
      110   -0.054946
      751    0.049666
      391   -0.049666
      366   -0.049666
      706   -0.049666
       38   -0.030376
       74   -0.030376
      161    0.028320
      150   -0.028320
      195    0.028320
      186    0.028320
      371   -0.026275
      745   -0.026275
      756    0.025639
      360    0.025639
      230    0.021897
      221   -0.021897
      162    0.021803
      187   -0.021803
 3 35
       36   -0.945299
       16    0.116437
      142    0.115152
       73   -0.105603
       39   -0.105603
       71    0.099916
       52   -0.090333
      249   -0.072824
      108   -0.054911
      463   -0.052389
      123   -0.049927
      112    0.049927
       88   -0.043473
      460    0.039591
       77    0.035828
      288    0.032431
      876   -0.029012
      491    0.029012
      494    0.028503
      459   -0.028064
      808   -0.028064
      281   -0.027807
       40   -0.027104
      297   -0.026819
      285   -0.025388
      254    0.025175
      859   -0.025022
      499   -0.024893
      262   -0.024830
      253   -0.024830
      456    0.024795
      823   -0.022081
      843   -0.021196
       44    0.020915
       89   -0.020915
 4 35
       71    0.945299
        6    0.116437
      177   -0.115152
       74   -0.105603
       38    0.105603
       36    0.099916
       78   -0.090333
      248   -0.072824
      109    0.054911
      822   -0.052389
      122    0.049927
      113    0.049927
       42   -0.043473
      810   -0.039591
       53    0.035828
      332    0.032431
      526    0.029012
      841    0.029012
      878    0.028503
      458    0.028064
      809   -0.028064
      316    0.027807
       75    0.027104
      323   -0.026819
      320    0.025388
      264   -0.025175
      534    0.025022
      894    0.024893
      263   -0.024830
      252    0.024830
      806   -0.024795
      462   -0.022081
      529   -0.021196
       54    0.020915
       79    0.020915
 1  1 1.00000000E+00 0.00000000E+00 0.00000000E+00 0.00000000E+00
 2  1 0.00000000E+00 1.00000000E+00 0.00000000E+00 0.00000000E+00
 3  1 0.00000000E+00 0.00000000E+00 1.00000000E+00 0.00000000E+00
 4  1 0.00000000E+00 0.00000000E+00 0.00000000E+00 1.00000000E+00
 $END 
