 $REFDET     
  3
 1 34
        1    0.976761
      107   -0.073933
      143    0.061281
      393    0.059451
      717    0.058710
      179    0.058265
      211   -0.043267
       51   -0.034632
      227    0.033568
       76    0.032322
      738    0.032134
      218   -0.032025
      704    0.031615
      389    0.031362
       17   -0.030674
        5   -0.030665
      353   -0.030111
      183    0.029921
      158    0.029851
      215    0.029719
      192    0.029190
      390   -0.029099
      705    0.028909
      147   -0.028220
      773    0.026063
      742   -0.025336
      368   -0.025175
      386    0.025043
      424   -0.024993
      159    0.024522
      184   -0.023621
      753    0.021886
      429    0.021339
      789    0.021329
 2 29
        2   -0.952924
      106    0.169055
      702   -0.081788
      156   -0.081693
      181    0.076956
      396   -0.061097
      720   -0.060255
      212   -0.059980
      387    0.058846
      110    0.058669
       71    0.050123
      391    0.049475
      751   -0.048858
      706    0.045883
      366    0.044873
       38    0.036140
      161   -0.029092
      150    0.027811
      195   -0.027286
      756   -0.025817
      371    0.025688
      745    0.025409
      186   -0.025193
       74    0.023998
      221    0.023443
      360   -0.022998
      230   -0.022625
      162   -0.020890
      187    0.020396
 3 33
       36   -0.951509
       16    0.124669
      142    0.123822
       73   -0.100948
       52   -0.088177
       39   -0.084617
      249   -0.068160
      108   -0.057859
      463   -0.052881
      123   -0.050475
      112    0.047686
       40   -0.046098
       88   -0.042723
      460    0.038077
       77    0.032152
      288    0.032121
      459   -0.029945
       43    0.029239
      876   -0.028859
      808   -0.026957
      494    0.026898
      491    0.026279
      297   -0.026149
      262   -0.025755
      859   -0.025268
      285   -0.025265
      254    0.024964
      499   -0.024767
      253   -0.024625
      843   -0.021952
      823   -0.021857
       89   -0.021617
       44    0.021408
 1  1 1.00000000E+00 0.00000000E+00 0.00000000E+00
 2  1 0.00000000E+00 1.00000000E+00 0.00000000E+00
 3  1 0.00000000E+00 0.00000000E+00 1.00000000E+00
 $END 
