 $REFDET     
  5
 1 32
        1    0.874183
       57    0.413305
     1983    0.120949
     1967   -0.093971
       37    0.073577
     1966    0.058269
      455   -0.054479
      471    0.051489
      454    0.050390
       15   -0.046733
       33    0.042793
     2633    0.041558
       93    0.034787
      847   -0.032068
      283    0.028965
     1982   -0.028228
     2353    0.026428
      639    0.025487
      623   -0.024763
     2669    0.024558
      449    0.024202
      622    0.023824
     2009    0.023671
      178   -0.022479
      340    0.022056
      397    0.021734
       89    0.021707
        7   -0.020907
     1997   -0.020904
       71   -0.020752
      862   -0.020394
      121   -0.020221
 2 32
       57    0.874183
        1   -0.413305
      847   -0.120949
      863    0.093971
       93    0.073577
      846    0.058269
      639    0.054479
      623   -0.051489
      622    0.050390
       89    0.046733
       71   -0.042793
     1513    0.041558
       37   -0.034787
     1983   -0.032068
      282   -0.028965
      848   -0.028228
     1233    0.026428
      455    0.025487
      471   -0.024763
     1549    0.024558
      617    0.024202
      454   -0.023824
      889    0.023671
      136    0.022479
      565    0.022056
      508    0.021734
       15    0.021707
       79    0.020907
      877   -0.020904
       33   -0.020752
     1968    0.020394
      193    0.020221
 3 33
      169   -0.941779
      113   -0.118534
      959    0.109377
     2263    0.108615
      975   -0.075045
     2247   -0.074757
     3137   -0.061395
      790   -0.060224
      205   -0.056922
      958   -0.056166
     2246    0.055793
      791    0.052478
      807   -0.052361
      561    0.051527
      337   -0.051527
     2969    0.040424
     1681   -0.040394
      174   -0.040064
      183    0.039314
      201   -0.039288
       10    0.038015
      191   -0.036540
      171    0.035822
      114   -0.035822
       81   -0.034138
      175    0.033874
      563    0.032904
      394    0.032534
     3173   -0.029770
      676    0.023955
      393   -0.022545
      505   -0.022544
      785    0.020607
 4 33
      113    0.941779
      169   -0.118534
     2207   -0.109115
      903   -0.108353
     2191    0.075307
      919    0.075019
     3081    0.061395
      734    0.060224
      149    0.056922
     2190   -0.056166
      902    0.055793
      751    0.052478
      735   -0.052361
      393    0.051527
      505    0.051527
     1625    0.040424
     2913   -0.040394
      118    0.040064
      145    0.039314
      127   -0.039288
       80    0.038015
      119   -0.036540
      170    0.035822
      115    0.035821
        9   -0.034138
      135    0.033874
      338   -0.032904
      507   -0.032534
     3117    0.029770
      677    0.023955
      561    0.022544
      337   -0.022544
      729   -0.020607
 5 41
      673   -0.759058
      172   -0.379529
      117    0.379529
      281   -0.202168
       58   -0.101084
        3    0.101084
     1575   -0.090206
     2879   -0.090206
     2863    0.062905
     1591    0.062905
      709   -0.050818
     3641   -0.048602
     1574    0.047137
     2862   -0.047137
      965   -0.045189
     2216    0.045152
     2271   -0.045055
      910    0.045018
      705   -0.035857
      687    0.035857
     2198   -0.031049
      983    0.031012
      928   -0.030930
     2253    0.030893
      679    0.028457
      695   -0.028457
     3140   -0.027449
     3085    0.027449
      317   -0.027298
     3677   -0.025562
       19    0.025212
       90   -0.025212
      215   -0.023223
      160    0.023223
      815    0.022894
      742    0.022894
      797   -0.022808
      760   -0.022808
      678   -0.022113
      181   -0.020228
      144   -0.020228
 1  1 1.00000000E+00 0.00000000E+00 0.00000000E+00 0.00000000E+00 0.00000000E+00
 2  1 0.00000000E+00 1.00000000E+00 0.00000000E+00 0.00000000E+00 0.00000000E+00
 3  1 0.00000000E+00 0.00000000E+00 1.00000000E+00 0.00000000E+00 0.00000000E+00
 4  1 0.00000000E+00 0.00000000E+00 0.00000000E+00 1.00000000E+00 0.00000000E+00
 5  1 0.00000000E+00 0.00000000E+00 0.00000000E+00 0.00000000E+00 1.00000000E+00
 $END 
