WARNING: Mass for DOF   1 not set. Set to 1 by default.
WARNING: Mass for DOF   2 not set. Set to 1 by default.
WARNING: Mass for DOF   3 not set. Set to 1 by default.
WARNING: Mass for DOF   4 not set. Set to 1 by default.
WARNING: Mass for DOF   5 not set. Set to 1 by default.
WARNING: Mass for DOF   6 not set. Set to 1 by default.

#####  Removed operators (h-terms)  #####
     h   f  af  nf   m  md Typ Sym   Shift      Term 
    33   K           0   0   0   1            v1
    39   K           0   0   0   1            v12
    41   K           0   0   0   1            v13
    43   K           0   0   0   1            v23
   123   K           0   0   0   1            b1_m8_m7
   124   K           0   0   0   1            b2_m8_m7
   125   K           0   0   0   1            b3_m8_m7
   126   K           0   0   0   1            b1_m9_m7
   127   K           0   0   0   1            b2_m9_m7
   128   K           0   0   0   1            b3_m9_m7
   129   K           0   0   0   1            b1_m9_m8
   132   K           0   0   0   1            b1_m10_m7
   133   K           0   0   0   1            b2_m10_m7
   134   K           0   0   0   1            b3_m10_m7
   135   K           0   0   0   1            b1_m10_m8
   138   K           0   0   0   1            b1_m10_m9
   141   K           0   0   0   1            b1_m11_m7
   142   K           0   0   0   1            b2_m11_m7
   143   K           0   0   0   1            b3_m11_m7
   144   K           0   0   0   1            b1_m11_m8
   153   K           0   0   0   1            b1_m12_m7
   154   K           0   0   0   1            b2_m12_m7
   155   K           0   0   0   1            b3_m12_m7
   159   K           0   0   0   1            b1_m12_m9
   162   K           0   0   0   1            b1_m12_m10
   170   K           0   0   0   1            b23_m8_m7
   174   K           0   0   0   1            b12_m9_m8
   175   K           0   0   0   1            b13_m9_m8
   180   K           0   0   0   1            b12_m10_m8
   181   K           0   0   0   1            b13_m10_m8
   183   K           0   0   0   1            b12_m10_m9
   184   K           0   0   0   1            b13_m10_m9
   189   K           0   0   0   1            b12_m11_m8
   190   K           0   0   0   1            b13_m11_m8
   192   K           0   0   0   1            b12_m11_m9
   193   K           0   0   0   1            b13_m11_m9
   195   K           0   0   0   1            b12_m11_m10
   196   K           0   0   0   1            b13_m11_m10
   201   K           0   0   0   1            b12_m12_m8
   202   K           0   0   0   1            b13_m12_m8
   204   K           0   0   0   1            b12_m12_m9
   205   K           0   0   0   1            b13_m12_m9
   207   K           0   0   0   1            b12_m12_m10
   208   K           0   0   0   1            b13_m12_m10
   210   K           0   0   0   1            b12_m12_m11
   211   K           0   0   0   1            b13_m12_m11
   223   2   2   0   0   0   0   0       0    q*l12_m8 + q^2*q12_m8
   224   3   3   0   0   0   0   0       0    q*l12_m9 + q^2*q12_m9
   225   4   4   0   0   0   0   0       0    q*l12_m10 + q^2*q12_m10
   226   5   5   0   0   0   0   0       0    q*l12_m11 + q^2*q12_m11
   227   6   6   0   0   0   0   0       0    q*l12_m12 + q^2*q12_m12
   229   2   2   0   0   0   0   0       0    q*l13_m8 + q^2*q13_m8
   230   3   3   0   0   0   0   0       0    q*l13_m9 + q^2*q13_m9
   231   4   4   0   0   0   0   0       0    q*l13_m10 + q^2*q13_m10
   232   5   5   0   0   0   0   0       0    q*l13_m11 + q^2*q13_m11
   233   6   6   0   0   0   0   0       0    q*l13_m12 + q^2*q13_m12
 --- Number of removed terms =     56

******* Array-Dimensions *******

 k   :  minkoe, maxkoe     288   16000
 h   :  htmdim, maxhtm     253   16000
 hl  :  hopdim, maxhop     190   16000
 nh  :  minfac, maxfac      16     500
 n   :    ndef, maxdef       0     240
 n   :    npar, maxpar     175    2000
 n   :    nrdf, maxrdf       0      64
 np  : npesopt, maxpes       0      96
 nham:  hamdim, maxham       1      64
 muld: mulddim,maxmuld       1      64
 LMR :    iLMR, maxLMR       0     120

***** Operator details *****

ndof   =   7 ,  nmode   =   6
nopdof =   8 ,  nopmode =   8
feb =  7,  meb =  8,   fpb =  0,  mpb =  0,  mkoe =  7
leb = F,  lmult = T,  lmulpack = F,  lcap = F

DOF no.    label
    1       m7
    2       m8
    3       m9
    4       m10
    5       m11
    6       m12
    7       el
- - - - - - - - - - - - - - -
    8       Koeff

Mode     DOFs
   1    1=      m7
   2    2=      m8
   3    3=      m9
   4    4=     m10
   5    5=     m11
   6    6=     m12
- - - - - - - - - - - - - - -
   7    8=   Koeff
   8    7=      el

   Info on muld
  1  mulddof :
   1   2   3   4   5   6
  1  mulddof2:
   1   2   3   4   5   6

Information for Hamiltonian : system                                            

Total no. of terms      :    108
No. of correlated terms :     90

No. of uncorrelated terms for mode   1  state  1:     1
No. of uncorrelated terms for mode   1  state  2:     1
No. of uncorrelated terms for mode   1  state  3:     1
No. of uncorrelated terms for mode   2  state  1:     1
No. of uncorrelated terms for mode   2  state  2:     1
No. of uncorrelated terms for mode   2  state  3:     1
No. of uncorrelated terms for mode   3  state  1:     1
No. of uncorrelated terms for mode   3  state  2:     1
No. of uncorrelated terms for mode   3  state  3:     1
No. of uncorrelated terms for mode   4  state  1:     1
No. of uncorrelated terms for mode   4  state  2:     1
No. of uncorrelated terms for mode   4  state  3:     1
No. of uncorrelated terms for mode   5  state  1:     1
No. of uncorrelated terms for mode   5  state  2:     1
No. of uncorrelated terms for mode   5  state  3:     1
No. of uncorrelated terms for mode   6  state  1:     1
No. of uncorrelated terms for mode   6  state  2:     1
No. of uncorrelated terms for mode   6  state  3:     1

  Parameters  
PI                      3.141592653590
v1                  0.000000000000E+00
v2                      0.238389098856
v12                 0.000000000000E+00
v3                      0.238389099150
v13                 0.000000000000E+00
v23                -3.307439285817E-10
w_m7                    0.000055449174
l1_m7               0.000000000000E+00
q1_m7                   0.224301652006
l2_m7               0.000000000000E+00
q2_m7              -1.353952102100E-01
l12_m7             -5.285506269728E-03
q12_m7              2.204959523878E-07
l3_m7               0.000000000000E+00
q3_m7              -4.466844505952E-01
l13_m7                  0.173195428584
q13_m7              3.674932539796E-09
l23_m7             -1.837466269898E-08
q23_m7                  0.009291037946
w_m8                    0.004771590542
l1_m8               0.000000000000E+00
q1_m8              -4.709886028406E-04
l2_m8              -6.052902729739E-04
q2_m8              -1.918569704280E-02
l12_m8              0.000000000000E+00
q12_m8              0.000000000000E+00
l3_m8                   0.000605290273
q3_m8              -6.957791528260E-03
l13_m8              0.000000000000E+00
q13_m8              0.000000000000E+00
l23_m8                  0.011219439686
q23_m8             -3.297553717285E-04
b1_m8_m7            0.000000000000E+00
b2_m8_m7            0.000000000000E+00
b12_m8_m7          -5.243761241035E-04
b3_m8_m7            0.000000000000E+00
b13_m8_m7          -7.175673277206E-05
b23_m8_m7           0.000000000000E+00
w_m9                    0.004771590542
l1_m9              -2.100000947059E-07
q1_m9              -4.719886032916E-04
l2_m9                   0.011231295065
q2_m9              -6.879791493084E-03
l12_m9              0.000000000000E+00
q12_m9              0.000000000000E+00
l3_m9              -1.120639505386E-02
q3_m9              -1.928809708898E-02
l13_m9              0.000000000000E+00
q13_m9              0.000000000000E+00
l23_m9                  0.000605294464
q23_m9                  0.000335885159
b1_m9_m7            0.000000000000E+00
b2_m9_m7            0.000000000000E+00
b12_m9_m7          -5.523056114060E-05
b3_m9_m7            0.000000000000E+00
b13_m9_m7               0.000074586431
b23_m9_m7          -1.359725039725E-07
b1_m9_m8            0.000000000000E+00
b2_m9_m8                0.000315500142
b12_m9_m8           0.000000000000E+00
b3_m9_m8           -3.155001422843E-04
b13_m9_m8           0.000000000000E+00
b23_m9_m8          -5.858959647927E-03
w_m10                   0.012115166209
l1_m10             -3.081821389840E-03
q1_m10             -4.121609311473E-04
l2_m10             -1.593359718574E-02
q2_m10                  0.000169139331
l12_m10             0.000000000000E+00
q12_m10             0.000000000000E+00
l3_m10             -1.593318718555E-02
q3_m10                  0.000168939331
l13_m10             0.000000000000E+00
q13_m10             0.000000000000E+00
l23_m10            -3.333163813595E-07
q23_m10            -3.307439285817E-08
b1_m10_m7           0.000000000000E+00
b2_m10_m7           0.000000000000E+00
b12_m10_m7              0.000486888137
b3_m10_m7           0.000000000000E+00
b13_m10_m7         -1.704821049847E-02
b23_m10_m7         -1.102479761939E-08
b1_m10_m8           0.000000000000E+00
b2_m10_m8               0.000083500038
b12_m10_m8          0.000000000000E+00
b3_m10_m8          -8.350003765686E-05
b13_m10_m8          0.000000000000E+00
b23_m10_m8         -1.613273335375E-03
b1_m10_m9           0.000000000000E+00
b2_m10_m9          -1.569500707814E-03
b12_m10_m9          0.000000000000E+00
b3_m10_m9               0.001659300748
b13_m10_m9          0.000000000000E+00
b23_m10_m9         -8.316739830813E-05
w_m11                   0.012471006844
l1_m11             -8.500003833333E-07
q1_m11             -2.638013383231E-04
l2_m11                  0.010614314787
q2_m11             -6.249604037801E-03
l12_m11             0.000000000000E+00
q12_m11             0.000000000000E+00
l3_m11             -1.054608475608E-02
q3_m11             -4.793642283773E-02
l13_m11             0.000000000000E+00
q13_m11             0.000000000000E+00
l23_m11                 0.000570762225
q23_m11                 0.001123559175
b1_m11_m7           0.000000000000E+00
b2_m11_m7           0.000000000000E+00
b12_m11_m7              0.000291852118
b3_m11_m7           0.000000000000E+00
b13_m11_m7         -1.072963806259E-02
b23_m11_m7          6.614878571633E-08
b1_m11_m8           0.000000000000E+00
b2_m11_m8          -6.189002791118E-04
b12_m11_m8          0.000000000000E+00
b3_m11_m8               0.000618700279
b13_m11_m8          0.000000000000E+00
b23_m11_m8              0.011476351280
b1_m11_m9               0.000451500204
b2_m11_m9               0.003791201710
b12_m11_m9          0.000000000000E+00
b3_m11_m9               0.027539012420
b13_m11_m9          0.000000000000E+00
b23_m11_m9         -6.404856176984E-04
b1_m11_m10          4.000001803921E-07
b2_m11_m10              0.000365400165
b12_m11_m10         0.000000000000E+00
b3_m11_m10         -1.160000523137E-04
b13_m11_m10         0.000000000000E+00
b23_m11_m10             0.000016316700
w_m12                   0.012471006844
l1_m12              0.000000000000E+00
q1_m12             -2.645013386388E-04
l2_m12             -5.708702574512E-04
q2_m12             -4.773972274902E-02
l12_m12             0.000000000000E+00
q12_m12             0.000000000000E+00
l3_m12                  0.000570860257
q3_m12             -6.237004032119E-03
l13_m12             0.000000000000E+00
q13_m12             0.000000000000E+00
l23_m12                 0.010581576501
q23_m12            -1.119913641908E-03
b1_m12_m7           0.000000000000E+00
b2_m12_m7           0.000000000000E+00
b12_m12_m7              0.011148738394
b3_m12_m7           0.000000000000E+00
b13_m12_m7              0.000306504074
b23_m12_m7         -3.674932539796E-09
b1_m12_m8               0.000450200203
b2_m12_m8               0.027539212420
b12_m12_m8          0.000000000000E+00
b3_m12_m8               0.003802601715
b13_m12_m8          0.000000000000E+00
b23_m12_m8              0.000640386395
b1_m12_m9           0.000000000000E+00
b2_m12_m9          -6.154002775333E-04
b12_m12_m9          0.000000000000E+00
b3_m12_m9               0.000615700278
b13_m12_m9          0.000000000000E+00
b23_m12_m9              0.011403029026
b1_m12_m10          0.000000000000E+00
b2_m12_m10         -1.660000748627E-05
b12_m12_m10         0.000000000000E+00
b3_m12_m10              0.000016700008
b13_m12_m10         0.000000000000E+00
b23_m12_m10             0.000246554899
b1_m12_m11         -1.000000450980E-07
b2_m12_m11              0.001062500479
b12_m12_m11         0.000000000000E+00
b3_m12_m11         -1.062600479212E-03
b13_m12_m11         0.000000000000E+00
b23_m12_m11        -1.969275442796E-02

Number of operators removed =    56,  cutoff = 1.00E-09

  Operator Labels    [hl,hoplab,(deflabel),hopilab,hopfile]
    hl  Label                         function no.  file no.
     1  1                                       1       302
     2  -1                                      2       302
     3  I                                       1       101
     4  w_m7                                    8       301
     5  KEdvr                                   5         3
     6  w_m8                                   21       301
     7  w_m9                                   40       301
     8  w_m10                                  65       301
     9  w_m11                                  96       301
    10  w_m12                                 133       301
    11  0.5                                     0       301
    12  q^2                                     3       302
    13  v1                                      2       301
    14  S1&1                                   10         3
    15  v2                                      3       301
    16  S2&2                                   10         3
    17  v3                                      5       301
    18  S3&3                                   10         3
    19  v12                                     4       301
    20  S1&2                                   10         3
    21  v13                                     6       301
    22  S1&3                                   10         3
    23  v23                                     7       301
    24  S2&3                                   10         3
    25  l1_m7                                   9       301
    26  q                                       3       302
    27  q1_m7                                  10       301
    28  l2_m7                                  11       301
    29  q2_m7                                  12       301
    30  l3_m7                                  15       301
    31  q3_m7                                  16       301
    32  l1_m8                                  22       301
    33  q1_m8                                  23       301
    34  l2_m8                                  24       301
    35  q2_m8                                  25       301
    36  l3_m8                                  28       301
    37  q3_m8                                  29       301
    38  l1_m9                                  41       301
    39  q1_m9                                  42       301
    40  l2_m9                                  43       301
    41  q2_m9                                  44       301
    42  l3_m9                                  47       301
    43  q3_m9                                  48       301
    44  l1_m10                                 66       301
    45  q1_m10                                 67       301
    46  l2_m10                                 68       301
    47  q2_m10                                 69       301
    48  l3_m10                                 72       301
    49  q3_m10                                 73       301
    50  l1_m11                                 97       301
    51  q1_m11                                 98       301
    52  l2_m11                                 99       301
    53  q2_m11                                100       301
    54  l3_m11                                103       301
    55  q3_m11                                104       301
    56  l1_m12                                134       301
    57  q1_m12                                135       301
    58  l2_m12                                136       301
    59  q2_m12                                137       301
    60  l3_m12                                140       301
    61  q3_m12                                141       301
    62  l12_m7                                 13       301
    63  q12_m7                                 14       301
    64  l13_m7                                 17       301
    65  q13_m7                                 18       301
    66  l23_m7                                 19       301
    67  q23_m7                                 20       301
    68  l12_m8                                 26       301
    69  q12_m8                                 27       301
    70  l13_m8                                 30       301
    71  q13_m8                                 31       301
    72  l23_m8                                 32       301
    73  q23_m8                                 33       301
    74  l12_m9                                 45       301
    75  q12_m9                                 46       301
    76  l13_m9                                 49       301
    77  q13_m9                                 50       301
    78  l23_m9                                 51       301
    79  q23_m9                                 52       301
    80  l12_m10                                70       301
    81  q12_m10                                71       301
    82  l13_m10                                74       301
    83  q13_m10                                75       301
    84  l23_m10                                76       301
    85  q23_m10                                77       301
    86  l12_m11                               101       301
    87  q12_m11                               102       301
    88  l13_m11                               105       301
    89  q13_m11                               106       301
    90  l23_m11                               107       301
    91  q23_m11                               108       301
    92  l12_m12                               138       301
    93  q12_m12                               139       301
    94  l13_m12                               142       301
    95  q13_m12                               143       301
    96  l23_m12                               144       301
    97  q23_m12                               145       301
    98  b1_m8_m7                               34       301
    99  b2_m8_m7                               35       301
   100  b3_m8_m7                               37       301
   101  b1_m9_m7                               53       301
   102  b2_m9_m7                               54       301
   103  b3_m9_m7                               56       301
   104  b1_m9_m8                               59       301
   105  b2_m9_m8                               60       301
   106  b3_m9_m8                               62       301
   107  b1_m10_m7                              78       301
   108  b2_m10_m7                              79       301
   109  b3_m10_m7                              81       301
   110  b1_m10_m8                              84       301
   111  b2_m10_m8                              85       301
   112  b3_m10_m8                              87       301
   113  b1_m10_m9                              90       301
   114  b2_m10_m9                              91       301
   115  b3_m10_m9                              93       301
   116  b1_m11_m7                             109       301
   117  b2_m11_m7                             110       301
   118  b3_m11_m7                             112       301
   119  b1_m11_m8                             115       301
   120  b2_m11_m8                             116       301
   121  b3_m11_m8                             118       301
   122  b1_m11_m9                             121       301
   123  b2_m11_m9                             122       301
   124  b3_m11_m9                             124       301
   125  b1_m11_m10                            127       301
   126  b2_m11_m10                            128       301
   127  b3_m11_m10                            130       301
   128  b1_m12_m7                             146       301
   129  b2_m12_m7                             147       301
   130  b3_m12_m7                             149       301
   131  b1_m12_m8                             152       301
   132  b2_m12_m8                             153       301
   133  b3_m12_m8                             155       301
   134  b1_m12_m9                             158       301
   135  b2_m12_m9                             159       301
   136  b3_m12_m9                             161       301
   137  b1_m12_m10                            164       301
   138  b2_m12_m10                            165       301
   139  b3_m12_m10                            167       301
   140  b1_m12_m11                            170       301
   141  b2_m12_m11                            171       301
   142  b3_m12_m11                            173       301
   143  b12_m8_m7                              36       301
   144  b13_m8_m7                              38       301
   145  b23_m8_m7                              39       301
   146  b12_m9_m7                              55       301
   147  b13_m9_m7                              57       301
   148  b23_m9_m7                              58       301
   149  b12_m9_m8                              61       301
   150  b13_m9_m8                              63       301
   151  b23_m9_m8                              64       301
   152  b12_m10_m7                             80       301
   153  b13_m10_m7                             82       301
   154  b23_m10_m7                             83       301
   155  b12_m10_m8                             86       301
   156  b13_m10_m8                             88       301
   157  b23_m10_m8                             89       301
   158  b12_m10_m9                             92       301
   159  b13_m10_m9                             94       301
   160  b23_m10_m9                             95       301
   161  b12_m11_m7                            111       301
   162  b13_m11_m7                            113       301
   163  b23_m11_m7                            114       301
   164  b12_m11_m8                            117       301
   165  b13_m11_m8                            119       301
   166  b23_m11_m8                            120       301
   167  b12_m11_m9                            123       301
   168  b13_m11_m9                            125       301
   169  b23_m11_m9                            126       301
   170  b12_m11_m10                           129       301
   171  b13_m11_m10                           131       301
   172  b23_m11_m10                           132       301
   173  b12_m12_m7                            148       301
   174  b13_m12_m7                            150       301
   175  b23_m12_m7                            151       301
   176  b12_m12_m8                            154       301
   177  b13_m12_m8                            156       301
   178  b23_m12_m8                            157       301
   179  b12_m12_m9                            160       301
   180  b13_m12_m9                            162       301
   181  b23_m12_m9                            163       301
   182  b12_m12_m10                           166       301
   183  b13_m12_m10                           168       301
   184  b23_m12_m10                           169       301
   185  b12_m12_m11                           172       301
   186  b13_m12_m11                           174       301
   187  b23_m12_m11                           175       301
   188  S2&1                                   10         3
   189  S3&1                                   10         3
   190  S3&2                                   10         3

Hamiltonian Operator Terms [h,htmdof,htmadof,htmndof,htmmode,htmmuld,htmtype,
                            htmsym,htmshift,string]
   No.   f  af  nf   m  md Typ Sym   Shift      Term 
     1   1   1   0   0   0   1   1       0    1
     2   2   2   0   0   0   1   1       0    1
     3   3   3   0   0   0   1   1       0    1
     4   4   4   0   0   0   1   1       0    1
     5   5   5   0   0   0   1   1       0    1
     6   6   6   0   0   0   1   1       0    1
     7   7   7   0   0   0   1   1       0    1
     8   K           0   0   1   1            1
    35   K           0   0   2   1            v2
    37   K           0   0   2   1            v3
    46   1   1   0   0   0   2   1       0    q
    53   2   2   0   0   0   2   1       0    q
    60   3   3   0   0   0   2   1       0    q
    67   4   4   0   0   0   2   1       0    q
    74   5   5   0   0   0   2   1       0    q
    81   6   6   0   0   0   2   1       0    q
   130   K           0   0   2   1            b2_m9_m8
   131   K           0   0   2   1            b3_m9_m8
   136   K           0   0   2   1            b2_m10_m8
   137   K           0   0   2   1            b3_m10_m8
   139   K           0   0   2   1            b2_m10_m9
   140   K           0   0   2   1            b3_m10_m9
   145   K           0   0   2   1            b2_m11_m8
   146   K           0   0   2   1            b3_m11_m8
   147   K           0   0   2   1            b1_m11_m9
   148   K           0   0   2   1            b2_m11_m9
   149   K           0   0   2   1            b3_m11_m9
   150   K           0   0   2   1            b1_m11_m10
   151   K           0   0   2   1            b2_m11_m10
   152   K           0   0   2   1            b3_m11_m10
   156   K           0   0   2   1            b1_m12_m8
   157   K           0   0   2   1            b2_m12_m8
   158   K           0   0   2   1            b3_m12_m8
   160   K           0   0   2   1            b2_m12_m9
   161   K           0   0   2   1            b3_m12_m9
   163   K           0   0   2   1            b2_m12_m10
   164   K           0   0   2   1            b3_m12_m10
   165   K           0   0   2   1            b1_m12_m11
   166   K           0   0   2   1            b2_m12_m11
   167   K           0   0   2   1            b3_m12_m11
   168   K           0   0   2   1            b12_m8_m7
   169   K           0   0   2   1            b13_m8_m7
   171   K           0   0   2   1            b12_m9_m7
   172   K           0   0   2   1            b13_m9_m7
   173   K           0   0   2   1            b23_m9_m7
   176   K           0   0   2   1            b23_m9_m8
   177   K           0   0   2   1            b12_m10_m7
   178   K           0   0   2   1            b13_m10_m7
   179   K           0   0   2   1            b23_m10_m7
   182   K           0   0   2   1            b23_m10_m8
   185   K           0   0   2   1            b23_m10_m9
   186   K           0   0   2   1            b12_m11_m7
   187   K           0   0   2   1            b13_m11_m7
   188   K           0   0   2   1            b23_m11_m7
   191   K           0   0   2   1            b23_m11_m8
   194   K           0   0   2   1            b23_m11_m9
   197   K           0   0   2   1            b23_m11_m10
   198   K           0   0   2   1            b12_m12_m7
   199   K           0   0   2   1            b13_m12_m7
   200   K           0   0   2   1            b23_m12_m7
   203   K           0   0   2   1            b23_m12_m8
   206   K           0   0   2   1            b23_m12_m9
   209   K           0   0   2   1            b23_m12_m10
   212   K           0   0   2   1            b23_m12_m11
   216   1   1   0   0   0   8   1       0    q*l1_m7 + q^2*q1_m7 + KEdvr*1*w_m7 +
                              q^2*0.5*w_m7
   217   2   2   0   0   0   8   1       0    q*l1_m8 + q^2*q1_m8 + KEdvr*1*w_m8 +
                              q^2*0.5*w_m8
   218   3   3   0   0   0   8   1       0    q*l1_m9 + q^2*q1_m9 + KEdvr*1*w_m9 +
                              q^2*0.5*w_m9
   219   4   4   0   0   0   8   1       0    q*l1_m10 + q^2*q1_m10 + KEdvr*1*w_m10 +
                              q^2*0.5*w_m10
   220   5   5   0   0   0   8   1       0    q*l1_m11 + q^2*q1_m11 + KEdvr*1*w_m11 +
                              q^2*0.5*w_m11
   221   6   6   0   0   0   8   1       0    q*l1_m12 + q^2*q1_m12 + KEdvr*1*w_m12 +
                              q^2*0.5*w_m12
   222   1   1   0   0   0   2   1       0    q*l12_m7 + q^2*q12_m7
   228   1   1   0   0   0   2   1       0    q*l13_m7 + q^2*q13_m7
   234   1   1   0   0   0   8   1       0    q*l2_m7 + q^2*q2_m7 + KEdvr*1*w_m7 +
                              q^2*0.5*w_m7
   235   2   2   0   0   0   8   1       0    q*l2_m8 + q^2*q2_m8 + KEdvr*1*w_m8 +
                              q^2*0.5*w_m8
   236   3   3   0   0   0   8   1       0    q*l2_m9 + q^2*q2_m9 + KEdvr*1*w_m9 +
                              q^2*0.5*w_m9
   237   4   4   0   0   0   8   1       0    q*l2_m10 + q^2*q2_m10 + KEdvr*1*w_m10 +
                              q^2*0.5*w_m10
   238   5   5   0   0   0   8   1       0    q*l2_m11 + q^2*q2_m11 + KEdvr*1*w_m11 +
                              q^2*0.5*w_m11
   239   6   6   0   0   0   8   1       0    q*l2_m12 + q^2*q2_m12 + KEdvr*1*w_m12 +
                              q^2*0.5*w_m12
   240   1   1   0   0   0   2   1       0    q*l23_m7 + q^2*q23_m7
   241   2   2   0   0   0   2   1       0    q*l23_m8 + q^2*q23_m8
   242   3   3   0   0   0   2   1       0    q*l23_m9 + q^2*q23_m9
   243   4   4   0   0   0   2   1       0    q*l23_m10 + q^2*q23_m10
   244   5   5   0   0   0   2   1       0    q*l23_m11 + q^2*q23_m11
   245   6   6   0   0   0   2   1       0    q*l23_m12 + q^2*q23_m12
   246   1   1   0   0   0   8   1       0    q*l3_m7 + q^2*q3_m7 + KEdvr*1*w_m7 +
                              q^2*0.5*w_m7
   247   2   2   0   0   0   8   1       0    q*l3_m8 + q^2*q3_m8 + KEdvr*1*w_m8 +
                              q^2*0.5*w_m8
   248   3   3   0   0   0   8   1       0    q*l3_m9 + q^2*q3_m9 + KEdvr*1*w_m9 +
                              q^2*0.5*w_m9
   249   4   4   0   0   0   8   1       0    q*l3_m10 + q^2*q3_m10 + KEdvr*1*w_m10 +
                              q^2*0.5*w_m10
   250   5   5   0   0   0   8   1       0    q*l3_m11 + q^2*q3_m11 + KEdvr*1*w_m11 +
                              q^2*0.5*w_m11
   251   6   6   0   0   0   8   1       0    q*l3_m12 + q^2*q3_m12 + KEdvr*1*w_m12 +
                              q^2*0.5*w_m12

Correlated Terms  (ki,kf: initial and final el. state. h=hamilton(f,k))
            dof order =     m7 |    m8 |    m9 |   m10 |   m11 |   m12 |
     k  ki  kf coeff   No.s
     1   2   2   35          1       2       3       4       5       6
     2   3   3   37          1       2       3       4       5       6
     3   2   2  130          1      53      60       4       5       6
     4   3   3  131          1      53      60       4       5       6
     5   2   2  136          1      53       3      67       5       6
     6   3   3  137          1      53       3      67       5       6
     7   2   2  139          1       2      60      67       5       6
     8   3   3  140          1       2      60      67       5       6
     9   2   2  145          1      53       3       4      74       6
    10   3   3  146          1      53       3       4      74       6
    11   1   1  147          1       2      60       4      74       6
    12   2   2  148          1       2      60       4      74       6
    13   3   3  149          1       2      60       4      74       6
    14   1   1  150          1       2       3      67      74       6
    15   2   2  151          1       2       3      67      74       6
    16   3   3  152          1       2       3      67      74       6
    17   1   1  156          1      53       3       4       5      81
    18   2   2  157          1      53       3       4       5      81
    19   3   3  158          1      53       3       4       5      81
    20   2   2  160          1       2      60       4       5      81
    21   3   3  161          1       2      60       4       5      81
    22   2   2  163          1       2       3      67       5      81
    23   3   3  164          1       2       3      67       5      81
    24   1   1  165          1       2       3       4      74      81
    25   2   2  166          1       2       3       4      74      81
    26   3   3  167          1       2       3       4      74      81
    27   2   1    8        222       2       3       4       5       6
    28   1   2    8        222       2       3       4       5       6
    29   3   1    8        228       2       3       4       5       6
    30   1   3    8        228       2       3       4       5       6
    31   3   2    8        240       2       3       4       5       6
    32   2   3    8        240       2       3       4       5       6
    33   3   2    8          1     241       3       4       5       6
    34   2   3    8          1     241       3       4       5       6
    35   3   2    8          1       2     242       4       5       6
    36   2   3    8          1       2     242       4       5       6
    37   3   2    8          1       2       3     243       5       6
    38   2   3    8          1       2       3     243       5       6
    39   3   2    8          1       2       3       4     244       6
    40   2   3    8          1       2       3       4     244       6
    41   3   2    8          1       2       3       4       5     245
    42   2   3    8          1       2       3       4       5     245
    43   2   1  168         46      53       3       4       5       6
    44   1   2  168         46      53       3       4       5       6
    45   3   1  169         46      53       3       4       5       6
    46   1   3  169         46      53       3       4       5       6
    47   2   1  171         46       2      60       4       5       6
    48   1   2  171         46       2      60       4       5       6
    49   3   1  172         46       2      60       4       5       6
    50   1   3  172         46       2      60       4       5       6
    51   3   2  173         46       2      60       4       5       6
    52   2   3  173         46       2      60       4       5       6
    53   3   2  176          1      53      60       4       5       6
    54   2   3  176          1      53      60       4       5       6
    55   2   1  177         46       2       3      67       5       6
    56   1   2  177         46       2       3      67       5       6
    57   3   1  178         46       2       3      67       5       6
    58   1   3  178         46       2       3      67       5       6
    59   3   2  179         46       2       3      67       5       6
    60   2   3  179         46       2       3      67       5       6
    61   3   2  182          1      53       3      67       5       6
    62   2   3  182          1      53       3      67       5       6
    63   3   2  185          1       2      60      67       5       6
    64   2   3  185          1       2      60      67       5       6
    65   2   1  186         46       2       3       4      74       6
    66   1   2  186         46       2       3       4      74       6
    67   3   1  187         46       2       3       4      74       6
    68   1   3  187         46       2       3       4      74       6
    69   3   2  188         46       2       3       4      74       6
    70   2   3  188         46       2       3       4      74       6
    71   3   2  191          1      53       3       4      74       6
    72   2   3  191          1      53       3       4      74       6
    73   3   2  194          1       2      60       4      74       6
    74   2   3  194          1       2      60       4      74       6
    75   3   2  197          1       2       3      67      74       6
    76   2   3  197          1       2       3      67      74       6
    77   2   1  198         46       2       3       4       5      81
    78   1   2  198         46       2       3       4       5      81
    79   3   1  199         46       2       3       4       5      81
    80   1   3  199         46       2       3       4       5      81
    81   3   2  200         46       2       3       4       5      81
    82   2   3  200         46       2       3       4       5      81
    83   3   2  203          1      53       3       4       5      81
    84   2   3  203          1      53       3       4       5      81
    85   3   2  206          1       2      60       4       5      81
    86   2   3  206          1       2      60       4       5      81
    87   3   2  209          1       2       3      67       5      81
    88   2   3  209          1       2       3      67       5      81
    89   3   2  212          1       2       3       4      74      81
    90   2   3  212          1       2       3       4      74      81

Uncorrelated Terms
     k   m   s  sym coeff   No.s
    91   1   1   1    8     216
    92   1   2   1    8     234
    93   1   3   1    8     246
    94   2   1   1    8     217
    95   2   2   1    8     235
    96   2   3   1    8     247
    97   3   1   1    8     218
    98   3   2   1    8     236
    99   3   3   1    8     248
   100   4   1   1    8     219
   101   4   2   1    8     237
   102   4   3   1    8     249
   103   5   1   1    8     220
   104   5   2   1    8     238
   105   5   3   1    8     250
   106   6   1   1    8     221
   107   6   2   1    8     239
   108   6   3   1    8     251

**** Non-hermitian operators ****
     Hermitian      =  1 
     Anti-Hermitian = -1 
     No Symmetry    =  0 

     k  ki  kf coeff     hsym(m,k)  (Last column is sym of coeff)
    27   1   2    8       0    0    0    0    0    0    0               
    28   2   1    8       0    0    0    0    0    0    0               
    29   1   3    8       0    0    0    0    0    0    0               
    30   3   1    8       0    0    0    0    0    0    0               
    31   2   3    8       0    0    0    0    0    0    0               
    32   3   2    8       0    0    0    0    0    0    0               
    33   2   3    8       0    0    0    0    0    0    0               
    34   3   2    8       0    0    0    0    0    0    0               
    35   2   3    8       0    0    0    0    0    0    0               
    36   3   2    8       0    0    0    0    0    0    0               
    37   2   3    8       0    0    0    0    0    0    0               
    38   3   2    8       0    0    0    0    0    0    0               
    39   2   3    8       0    0    0    0    0    0    0               
    40   3   2    8       0    0    0    0    0    0    0               
    41   2   3    8       0    0    0    0    0    0    0               
    42   3   2    8       0    0    0    0    0    0    0               
    43   1   2  168       0    0    0    0    0    0    0               
    44   2   1  168       0    0    0    0    0    0    0               
    45   1   3  169       0    0    0    0    0    0    0               
    46   3   1  169       0    0    0    0    0    0    0               
    47   1   2  171       0    0    0    0    0    0    0               
    48   2   1  171       0    0    0    0    0    0    0               
    49   1   3  172       0    0    0    0    0    0    0               
    50   3   1  172       0    0    0    0    0    0    0               
    51   2   3  173       0    0    0    0    0    0    0               
    52   3   2  173       0    0    0    0    0    0    0               
    53   2   3  176       0    0    0    0    0    0    0               
    54   3   2  176       0    0    0    0    0    0    0               
    55   1   2  177       0    0    0    0    0    0    0               
    56   2   1  177       0    0    0    0    0    0    0               
    57   1   3  178       0    0    0    0    0    0    0               
    58   3   1  178       0    0    0    0    0    0    0               
    59   2   3  179       0    0    0    0    0    0    0               
    60   3   2  179       0    0    0    0    0    0    0               
    61   2   3  182       0    0    0    0    0    0    0               
    62   3   2  182       0    0    0    0    0    0    0               
    63   2   3  185       0    0    0    0    0    0    0               
    64   3   2  185       0    0    0    0    0    0    0               
    65   1   2  186       0    0    0    0    0    0    0               
    66   2   1  186       0    0    0    0    0    0    0               
    67   1   3  187       0    0    0    0    0    0    0               
    68   3   1  187       0    0    0    0    0    0    0               
    69   2   3  188       0    0    0    0    0    0    0               
    70   3   2  188       0    0    0    0    0    0    0               
    71   2   3  191       0    0    0    0    0    0    0               
    72   3   2  191       0    0    0    0    0    0    0               
    73   2   3  194       0    0    0    0    0    0    0               
    74   3   2  194       0    0    0    0    0    0    0               
    75   2   3  197       0    0    0    0    0    0    0               
    76   3   2  197       0    0    0    0    0    0    0               
    77   1   2  198       0    0    0    0    0    0    0               
    78   2   1  198       0    0    0    0    0    0    0               
    79   1   3  199       0    0    0    0    0    0    0               
    80   3   1  199       0    0    0    0    0    0    0               
    81   2   3  200       0    0    0    0    0    0    0               
    82   3   2  200       0    0    0    0    0    0    0               
    83   2   3  203       0    0    0    0    0    0    0               
    84   3   2  203       0    0    0    0    0    0    0               
    85   2   3  206       0    0    0    0    0    0    0               
    86   3   2  206       0    0    0    0    0    0    0               
    87   2   3  209       0    0    0    0    0    0    0               
    88   3   2  209       0    0    0    0    0    0    0               
    89   2   3  212       0    0    0    0    0    0    0               
    90   3   2  212       0    0    0    0    0    0    0               

The operator is REAL and contains terms of unspecified symmetry
(which may or may not add up to a hermitian sum)

------------------------------------------------------------------------------

