 $REFDET     
  3
 1 21
        1   -0.986995
      173   -0.076045
      168   -0.042977
       63   -0.041785
       68   -0.041395
        8    0.036448
       47    0.032887
       98   -0.032846
       93   -0.032544
       65   -0.030981
      170   -0.030911
       95   -0.030548
       79   -0.029041
       36    0.026652
        3    0.026575
      157   -0.026214
      154   -0.022895
       82   -0.022379
      184   -0.020507
       84   -0.020190
      241    0.020032
 2 15
       16   -0.988935
      203   -0.077415
      198   -0.042331
       46    0.037882
       18    0.036135
       53   -0.035421
      200   -0.034459
      128   -0.033012
      123   -0.032094
      125   -0.031602
      109   -0.028218
       23    0.024793
      112   -0.021694
       28    0.020637
      214   -0.020079
 3 17
       31   -0.990731
      113    0.047842
      108    0.047177
       52   -0.046751
      143   -0.032063
      110    0.032054
      138   -0.031249
      140   -0.030970
      202    0.028832
        6    0.028388
       33   -0.027763
       43    0.027528
      211   -0.025707
       19   -0.024181
       24   -0.021044
      199    0.020314
      234   -0.020117
 1  1 1.00000000E+00 0.00000000E+00 0.00000000E+00
 2  1 0.00000000E+00 1.00000000E+00 0.00000000E+00
 3  1 0.00000000E+00 0.00000000E+00 1.00000000E+00
 $END 
