 $REFDET     
  4
 1 35
        1    0.976693
      107   -0.073563
      143    0.060804
      179    0.060804
      717    0.059089
      393    0.059089
      211   -0.038244
        5   -0.035319
       51   -0.033494
       76    0.033494
      227    0.032570
      218   -0.032570
      738    0.031990
      353   -0.031990
      704    0.031990
      389    0.031990
      147   -0.029891
      158    0.029891
      192    0.029891
      183    0.029891
      215    0.029798
      705    0.028426
      390   -0.028426
      742   -0.026571
      368   -0.026571
        8    0.026171
       17   -0.026171
      773    0.025769
      424   -0.025769
      159    0.024295
      184   -0.024295
      753    0.021974
      357    0.021974
      789    0.021558
      429    0.021558
 2 28
        2    0.951845
      106   -0.172547
      156    0.080892
      181   -0.080892
      702    0.077768
      387   -0.077768
      212    0.064060
      720    0.060963
      396    0.060963
      110   -0.057394
      706   -0.049539
      366   -0.049539
      751    0.049539
      391   -0.049539
       38   -0.031276
       74   -0.031276
      186    0.027860
      161    0.027860
      195    0.027860
      150   -0.027860
      371   -0.026052
      745   -0.026052
      756    0.025577
      360    0.025577
      230    0.022047
      221   -0.022047
      162    0.021106
      187   -0.021106
 3 33
       36    0.950505
      142   -0.120217
       16   -0.117778
       73    0.101850
       39    0.101850
       52    0.092407
      249    0.069340
      108    0.056040
      463    0.052887
      123    0.050863
      112   -0.050863
       88    0.043716
       40    0.039713
      460   -0.039574
       77   -0.036474
      288   -0.032282
      876    0.029180
      491   -0.029180
      494   -0.028972
      808    0.027395
      459    0.027395
      297    0.025876
      285    0.025715
      254   -0.025634
      859    0.025476
      499    0.025396
      262    0.024402
      253    0.024402
      456   -0.024257
      823    0.022476
      843    0.021835
       44   -0.021683
       89    0.021683
 4 33
       71   -0.950505
      177    0.120217
        6   -0.117778
       38   -0.101850
       74    0.101850
       78    0.092407
      248    0.069340
      109   -0.056040
      822    0.052887
      122   -0.050863
      113   -0.050863
       42    0.043716
       75   -0.039713
      810    0.039574
       53   -0.036474
      332   -0.032282
      526   -0.029180
      841   -0.029180
      878   -0.028972
      809    0.027395
      458   -0.027395
      323    0.025876
      320   -0.025715
      264    0.025634
      534   -0.025476
      894   -0.025396
      252   -0.024402
      263    0.024402
      806    0.024257
      462    0.022476
      529    0.021835
       54   -0.021683
       79   -0.021683
 1  1 1.00000000E+00 0.00000000E+00 0.00000000E+00 0.00000000E+00
 2  1 0.00000000E+00 1.00000000E+00 0.00000000E+00 0.00000000E+00
 3  1 0.00000000E+00 0.00000000E+00 1.00000000E+00 0.00000000E+00
 4  1 0.00000000E+00 0.00000000E+00 0.00000000E+00 1.00000000E+00
 $END 
