 $REFDET     
  7
 1 78
      426    0.754586
      757   -0.296498
     3266    0.192586
      981    0.192586
     3490   -0.172243
     3955    0.168462
     3475    0.166857
      772    0.166857
      968   -0.146038
     3279   -0.123999
     1891   -0.072142
     7140   -0.068471
      443   -0.062631
     3600   -0.062631
     1197    0.057999
     6700    0.057999
     1097    0.056977
     1551    0.056977
     3606   -0.050324
     1775   -0.050324
      794    0.047232
     7103    0.047232
     2346   -0.043869
      436   -0.043869
     7040   -0.043797
     1991   -0.043797
     1002    0.043625
     6908    0.043625
     8866    0.037704
      476    0.037704
     7605    0.036574
     3282   -0.035528
     3685   -0.035528
     6712   -0.034524
     3509   -0.034524
     6921   -0.033165
     3300   -0.033165
     7106   -0.032959
     1200   -0.032959
     1962   -0.032783
     3478    0.032680
     1178    0.032680
     5238   -0.031838
      454   -0.031838
    10027    0.031739
     3991    0.031739
     3706   -0.031240
     6924   -0.031240
     2240    0.030860
     4071    0.030860
     2356    0.029960
     3672    0.029574
      984    0.029574
     7069   -0.029475
     1166   -0.028947
      791    0.026815
     6697    0.026815
     4403   -0.026651
     3959   -0.026651
      445   -0.025729
     3936   -0.025729
     7118   -0.025454
     3512   -0.025454
    10980   -0.023173
     4171    0.022657
     7389    0.022657
     4339    0.022298
     4882    0.022298
     7137    0.022174
     6734    0.022174
     4439   -0.022169
    10031   -0.022169
      988    0.021407
     4316    0.021407
     7873   -0.021375
    10247   -0.021375
      787    0.021199
     5701    0.021199
 2 75
     1232    0.720136
     3741   -0.462532
     4206    0.282392
     4474   -0.243866
     4590   -0.085362
     7175   -0.080031
     1235    0.077142
     8105   -0.072419
     2875   -0.066365
     1253    0.065378
     3763   -0.061723
     2026   -0.061124
     7172   -0.060131
     4671   -0.057701
     7640    0.054553
     2491    0.049170
     2759   -0.046750
     5517   -0.044456
     2487   -0.043652
    10546   -0.043455
     8024   -0.043454
    10747    0.043450
     2956   -0.042972
     1242    0.042021
     3745    0.041695
     4237   -0.040779
     4478    0.040372
    10282   -0.040223
     8074   -0.037836
     5379   -0.037307
     1279    0.035816
    11212   -0.035454
     4228    0.035185
     9748    0.035076
    10278    0.033586
     5133    0.033423
     2932   -0.031601
     7890    0.031377
     6176   -0.030990
     4640    0.030757
     5401   -0.030103
     4210   -0.029928
    10666    0.029911
     5982    0.029910
     7908   -0.029798
     5598   -0.028532
     4204   -0.028499
     2037    0.028283
     1262   -0.028117
     8048   -0.028117
     4241    0.027908
    10652    0.027368
    11431    0.027014
    10550    0.026723
    10712    0.026461
     3756   -0.025592
     7671    0.025367
     2738   -0.025239
     6206    0.025086
     5844    0.024426
     5967    0.023992
     2028    0.023608
     8088   -0.023034
     3788   -0.022674
     8013   -0.022533
     7193   -0.021966
    11015   -0.021696
    12257    0.021244
     1250   -0.021057
     4491   -0.020750
     1246    0.020675
     4644   -0.020635
     5866    0.020382
     5574   -0.020264
    11131   -0.020028
 3 98
      427   -0.509213
      756    0.509213
     3474   -0.327059
      442    0.327059
      775   -0.199681
     3937    0.199681
     3493    0.172439
     3952   -0.172439
     7102   -0.056590
      464    0.056590
     1162    0.054548
      430   -0.054548
     7143    0.051208
     7602   -0.051208
     1107    0.049634
     3267   -0.049634
      971    0.047560
     1550   -0.047560
     1894    0.046927
     2353   -0.046927
     3616   -0.043644
     3491    0.043644
     1884   -0.043221
      433    0.043221
      461    0.042519
     6696   -0.042519
      797   -0.038575
     7565    0.038575
      457    0.037533
     5700   -0.037533
     7121    0.035328
     3974   -0.035328
     1778    0.035042
     4068   -0.035042
     2347    0.034769
      766   -0.034769
     3609    0.034742
     2237   -0.034742
     6715    0.034035
     3971   -0.034035
     1912    0.031435
     5245   -0.031435
    10024   -0.030728
     3529    0.030728
     7161   -0.030724
    10494    0.030724
     2362   -0.030586
     3484    0.030586
     4400    0.028547
     3497   -0.028547
      479   -0.028443
     9328    0.028443
     5239    0.027896
      784   -0.027896
     8867   -0.027852
      806    0.027852
     1994    0.027517
     7502   -0.027517
     7043    0.027428
     2453   -0.027428
     1203    0.026754
     7568   -0.026754
     1117    0.026518
     4863   -0.026518
     1774    0.026380
     3480   -0.026380
      773   -0.026078
     3601    0.026078
     1181   -0.025768
     3940    0.025768
     6719   -0.025072
     4419    0.025072
     7626    0.025070
    10959   -0.025070
     6909   -0.024964
     1128    0.024964
     3956   -0.024879
     4081    0.024879
     1570   -0.024419
     4319    0.024419
      815    0.024187
    10457   -0.024187
     3515    0.024074
     7580   -0.024074
     1217   -0.023100
    10012    0.023100
     1965    0.022345
     2424   -0.022345
     7370    0.022187
     1005   -0.022187
     3502    0.021286
     5254   -0.021286
     2377   -0.021149
     5710    0.021149
     1903    0.021036
     3943   -0.021036
     6713    0.020362
     3635   -0.020362
 4 75
      110    0.720136
      236   -0.462532
      567    0.282392
     3076   -0.243866
     1361   -0.085362
      391   -0.080031
      370    0.077142
     6665   -0.072419
     1440   -0.066365
     3152    0.065378
     3368   -0.061723
      315   -0.061124
      131   -0.060131
     6510   -0.057701
      722    0.054553
      646    0.049170
     3155   -0.046750
     1659   -0.044456
      232   -0.043652
     3105   -0.043455
     1516   -0.043454
     6889    0.043450
     6589   -0.042972
     1352    0.042021
      650    0.041695
     6507   -0.040779
     3426    0.040372
      946   -0.040223
      725   -0.037836
      242   -0.037307
     8362    0.035816
     7354   -0.035454
     3831    0.035185
      145    0.035076
      596    0.033586
      865    0.033423
     1497   -0.031601
      583    0.031377
      128   -0.030990
      570    0.030757
     3374   -0.030103
      917   -0.029928
     1740    0.029911
     2124    0.029910
     3231   -0.029798
     6808   -0.028532
      321   -0.028499
     1647    0.028283
     4748   -0.028117
     6608   -0.028117
     6857    0.027908
      148    0.027368
     9996    0.027014
     3455    0.026723
      599    0.026461
     2114   -0.025592
     6662    0.025367
      113   -0.025239
     4766    0.025086
      575    0.024426
      246    0.023992
      561    0.023608
     3093   -0.023034
     8620   -0.022674
      254   -0.022533
     3173   -0.021966
     3920   -0.021696
      281    0.021244
     2290   -0.021057
     6648   -0.020750
     1702    0.020675
      920   -0.020635
     3839    0.020382
     1716   -0.020264
     2205   -0.020028
 5 79
     1233   -0.642021
     3740    0.539463
     4458    0.282370
     4222   -0.263011
     3743    0.113908
     7173    0.095728
     1255   -0.086212
     4489   -0.065667
     3761    0.064080
     2877    0.061681
     2486    0.060141
     4656   -0.060115
     8107    0.059700
     4462   -0.054626
     4226    0.054510
    10530    0.054277
     4581   -0.053561
     5515    0.051824
    10294   -0.050698
    10745   -0.050590
     5378    0.049834
     1237    0.048557
     4480    0.047540
     1248   -0.044449
     8072    0.044272
     3750   -0.042528
     2739    0.040445
     2035   -0.039979
     8026    0.037757
     5860   -0.037376
     2866   -0.036785
     2958    0.036037
     5966   -0.035281
    11422   -0.034560
     9749   -0.034488
     4239   -0.033966
     1280   -0.032833
    10714   -0.032524
     8076    0.032018
     4673    0.031948
    11221    0.031278
     7642   -0.031013
     5596    0.030927
    10664   -0.030348
     3747   -0.030284
     3787    0.029898
    10653   -0.029367
     2934    0.028480
     8012    0.028412
     8050    0.028132
     7673   -0.027896
     2743    0.027875
     2761    0.027853
     8103    0.027121
     6192    0.027071
     2493   -0.026372
     5572    0.026130
     5399    0.026102
     6177    0.026082
    12256   -0.025880
     8992    0.025607
     3770   -0.025455
     1272    0.025432
     7195    0.025392
     7184   -0.025063
     5996    0.024482
     7177   -0.023846
     4493    0.023612
     5131   -0.023183
     1244   -0.023161
    10280    0.022907
    10728   -0.021689
     2507   -0.021627
    10688   -0.021292
     5127    0.021201
    11197   -0.020415
     4208   -0.020403
     3758   -0.020211
     4642    0.020088
 6 106
      428    0.453977
      966   -0.453977
      441   -0.381458
     3264    0.381458
     3938    0.199665
      985   -0.199665
     3951   -0.185977
     3283    0.185977
     3670    0.080545
      444   -0.080545
      462   -0.067690
     6906    0.067690
     3602   -0.059287
      983    0.059287
     6925    0.047207
     3972   -0.047207
     3281   -0.045312
     3615    0.045312
     1773   -0.045064
     3270    0.045064
     1896   -0.043615
     2605    0.043615
      761   -0.042526
     1549    0.042526
     7145   -0.042214
     7854    0.042214
     3287   -0.041300
     4399    0.041300
     3954   -0.039752
     3689    0.039752
      448   -0.039547
     4314    0.039547
     4386   -0.038626
      989    0.038626
     1101   -0.038359
     2223    0.038359
     1021   -0.037606
    10010    0.037606
     1910   -0.036645
     4993    0.036645
    10023   -0.035849
     3319    0.035849
     7159    0.035773
    10242   -0.035773
      759   -0.034335
     1093    0.034335
     3958   -0.033616
     4333    0.033616
     1201   -0.032932
     7372    0.032932
     1568    0.031686
     4067   -0.031686
     4320    0.029063
     1780   -0.029063
      972   -0.028599
     1760    0.028599
     1889   -0.028270
     1555    0.028270
     1996   -0.027328
     7754    0.027328
     4877    0.027175
     3625   -0.027175
     4167   -0.026741
     6717    0.026741
     4879   -0.026429
     3961    0.026429
     2705    0.026284
     7045   -0.026284
     1887   -0.026011
     1099    0.026011
     1127   -0.025070
     6699    0.025070
     3636    0.024942
     6923   -0.024942
     7878    0.024437
    10961   -0.024437
     1219    0.024237
    10208   -0.024237
     5093    0.023354
     7059   -0.023354
     9538   -0.023214
      480    0.023214
     3477    0.023088
     1108   -0.023088
     8868    0.022957
     1016   -0.022957
     7820    0.022640
     1205   -0.022640
    10975    0.022117
    10266   -0.022117
     4170    0.021351
     7123   -0.021351
     7851   -0.021290
     6739    0.021290
    10142   -0.021195
     2010    0.021195
     4420    0.021100
     6929   -0.021100
      799    0.020303
     7817   -0.020303
      451    0.020247
     4860   -0.020247
     1967   -0.020139
     2676    0.020139
     6704    0.020090
     1989   -0.020090
 7 79
      230   -0.642021
      116    0.539463
      568    0.282370
     3075   -0.263011
      376    0.113908
      251    0.095728
     3362   -0.086212
     6508   -0.065667
     3158    0.064080
     1650    0.061681
      112    0.060141
     3078   -0.060115
     6875    0.059700
      918   -0.054626
     3425    0.054510
      597    0.054277
      239   -0.053561
     1449    0.051824
     3104   -0.050698
     6679   -0.050590
      122    0.049834
      644    0.048557
     3832    0.047540
     2108   -0.044449
      585    0.044272
     1358   -0.042528
      233    0.040445
     1437   -0.039979
     1726    0.037757
     3083   -0.037376
      318   -0.036785
     6799    0.036037
      126   -0.035281
     7356   -0.034560
      265   -0.034488
     6647   -0.033966
     8614   -0.032833
      739   -0.032524
      935    0.032018
     6650    0.031948
     9994    0.031278
      932   -0.031013
     6598    0.030927
     1530   -0.030348
      860   -0.030284
     8368    0.029898
      268   -0.029367
     1707    0.028480
      134    0.028412
     6818    0.028132
     6872   -0.027896
      647    0.027875
     3365    0.027853
     6525    0.027121
     2126    0.027071
      856   -0.026372
     1506    0.026130
     3164    0.026102
      248    0.026082
      161   -0.025880
      139    0.025607
     4754   -0.025455
     6976    0.025432
     3383    0.025392
     1513   -0.025063
     4764    0.024482
      665   -0.023846
     6858    0.023612
      655   -0.023183
     1492   -0.023161
      736    0.022907
     3107   -0.021689
     3154   -0.021627
     6622   -0.021292
      241    0.021201
     3922   -0.020415
      707   -0.020403
     2296   -0.020211
      710    0.020088
 1  1 1.00000000E+00 0.00000000E+00 0.00000000E+00 0.00000000E+00 0.00000000E+00
 1  2 0.00000000E+00 0.00000000E+00
 2  1 0.00000000E+00 1.00000000E+00 0.00000000E+00 0.00000000E+00 0.00000000E+00
 2  2 0.00000000E+00 0.00000000E+00
 3  1 0.00000000E+00 0.00000000E+00 1.00000000E+00 0.00000000E+00 0.00000000E+00
 3  2 0.00000000E+00 0.00000000E+00
 4  1 0.00000000E+00 0.00000000E+00 0.00000000E+00 1.00000000E+00 0.00000000E+00
 4  2 0.00000000E+00 0.00000000E+00
 5  1 0.00000000E+00 0.00000000E+00 0.00000000E+00 0.00000000E+00 1.00000000E+00
 5  2 0.00000000E+00 0.00000000E+00
 6  1 0.00000000E+00 0.00000000E+00 0.00000000E+00 0.00000000E+00 0.00000000E+00
 6  2 1.00000000E+00 0.00000000E+00
 7  1 0.00000000E+00 0.00000000E+00 0.00000000E+00 0.00000000E+00 0.00000000E+00
 7  2 0.00000000E+00 1.00000000E+00
 $END 
